<?xml version="1.0" encoding="UTF-8"?>
<testng-results ignored="0" total="1" passed="1" failed="0" skipped="0">
  <reporter-output>
  </reporter-output>
  <suite started-at="2025-01-30T20:39:27 IST" name="EbaySuite" finished-at="2025-01-30T20:40:03 IST" duration-ms="35349">
    <groups>
    </groups>
    <test started-at="2025-01-30T20:39:27 IST" name="EbayTest" finished-at="2025-01-30T20:40:03 IST" duration-ms="35349">
      <class name="com.ebay.qa.testcases.AddToCartTest">
        <test-method is-config="true" signature="setUp()[pri:0, instance:com.ebay.qa.testcases.AddToCartTest@742ff096]" started-at="2025-01-30T20:39:27 IST" name="setUp" finished-at="2025-01-30T20:39:41 IST" duration-ms="13498" status="PASS">
          <reporter-output>
          </reporter-output>
        </test-method> <!-- setUp -->
        <test-method signature="addToCartTest()[pri:0, instance:com.ebay.qa.testcases.AddToCartTest@742ff096]" started-at="2025-01-30T20:39:41 IST" name="addToCartTest" finished-at="2025-01-30T20:40:02 IST" duration-ms="20812" status="PASS">
          <reporter-output>
          </reporter-output>
        </test-method> <!-- addToCartTest -->
        <test-method is-config="true" signature="tearDown()[pri:0, instance:com.ebay.qa.testcases.AddToCartTest@742ff096]" started-at="2025-01-30T20:40:02 IST" name="tearDown" finished-at="2025-01-30T20:40:03 IST" duration-ms="960" status="PASS">
          <reporter-output>
          </reporter-output>
        </test-method> <!-- tearDown -->
      </class> <!-- com.ebay.qa.testcases.AddToCartTest -->
    </test> <!-- EbayTest -->
  </suite> <!-- EbaySuite -->
</testng-results>
